<?xml version="1.0" encoding="UTF-8"?>
<!-- Generated by org.testng.reporters.JUnitReportReporter -->
<testsuite hostname="Muthukumar" failures="0" tests="1" name="com.data.DataDriven.GetData" time="1.224" errors="0" timestamp="31 Oct 2022 14:09:17 GMT" skipped="0">
  <testcase classname="com.data.DataDriven.GetData" name="getParticularData" time="1.224"/>
</testsuite> <!-- com.data.DataDriven.GetData -->
