<?xml version="1.0" encoding="UTF-8"?>
<!-- Generated by org.testng.reporters.JUnitReportReporter -->
<testsuite hostname="Muthukumar" failures="0" tests="1" name="org.learnAttributres.Adactin" time="8.481" errors="0" timestamp="03 Nov 2022 10:13:18 GMT" skipped="0">
  <testcase classname="org.learnAttributres.Adactin" name="loginModule" time="8.481"/>
</testsuite> <!-- org.learnAttributres.Adactin -->
