<?xml version="1.0" encoding="UTF-8"?>
<!-- Generated by org.testng.reporters.JUnitReportReporter -->
<testsuite hostname="Muthukumar" failures="0" tests="4" name="com.data.DataDriven.LogInWithoutFindBy" time="32.473" errors="0" timestamp="07 Nov 2022 11:17:56 GMT" skipped="0">
  <testcase classname="com.data.DataDriven.LogInWithoutFindBy" name="browserLaunch" time="7.308"/>
  <testcase classname="com.data.DataDriven.LogInWithoutFindBy" name="browserLaunch" time="8.325"/>
  <testcase classname="com.data.DataDriven.LogInWithoutFindBy" name="browserLaunch" time="8.329"/>
  <testcase classname="com.data.DataDriven.LogInWithoutFindBy" name="browserLaunch" time="8.511"/>
</testsuite> <!-- com.data.DataDriven.LogInWithoutFindBy -->
