<?xml version="1.0" encoding="UTF-8"?>
<!-- Generated by org.testng.reporters.JUnitReportReporter -->
<testsuite hostname="Muthukumar" failures="0" tests="1" name="com.data.DataDriven.LaunchBrowser" time="9.759" errors="0" timestamp="22 Nov 2022 14:26:08 GMT" skipped="0">
  <testcase classname="com.data.DataDriven.LaunchBrowser" name="propertyFile" time="9.759"/>
</testsuite> <!-- com.data.DataDriven.LaunchBrowser -->
