<?xml version="1.0" encoding="UTF-8"?>
<!-- Generated by org.testng.reporters.JUnitReportReporter -->
<testsuite hostname="Muthukumar" failures="0" tests="1" name="com.data.DataDriven.ReadExcel" time="2.386" errors="0" timestamp="22 Nov 2022 14:05:27 GMT" skipped="0">
  <testcase classname="com.data.DataDriven.ReadExcel" name="readParticularData" time="2.386"/>
</testsuite> <!-- com.data.DataDriven.ReadExcel -->
