<?xml version="1.0" encoding="UTF-8"?>
<!-- Generated by org.testng.reporters.JUnitReportReporter -->
<testsuite hostname="Muthukumar" failures="0" tests="1" name="com.data.DataDriven.TestNG" time="0.164" errors="0" timestamp="31 Oct 2022 11:58:51 GMT" skipped="0">
  <testcase classname="com.data.DataDriven.TestNG" name="get" time="0.164"/>
</testsuite> <!-- com.data.DataDriven.TestNG -->
