<?xml version="1.0" encoding="UTF-8"?>
<!-- Generated by org.testng.reporters.JUnitReportReporter -->
<testsuite hostname="Muthukumar" failures="0" tests="1" name="com.learnAunnotation.TestNGFlow" time="0.025" errors="0" timestamp="04 Nov 2022 11:10:14 GMT" skipped="0">
  <testcase classname="com.learnAunnotation.TestNGFlow" name="myTest" time="0.025"/>
</testsuite> <!-- com.learnAunnotation.TestNGFlow -->
