<?xml version="1.0" encoding="UTF-8"?>
<!-- Generated by org.testng.reporters.JUnitReportReporter -->
<testsuite hostname="Muthukumar" failures="0" tests="2" name="org.learnAttributres.Login" time="20.238" errors="0" timestamp="13 Nov 2022 05:35:53 GMT" skipped="0">
  <testcase classname="org.learnAttributres.Login" name="loginModule" time="9.722"/>
  <testcase classname="org.learnAttributres.Login" name="loginModule" time="10.516"/>
</testsuite> <!-- org.learnAttributres.Login -->
