<?xml version="1.0" encoding="UTF-8"?>
<!-- Generated by org.testng.reporters.JUnitReportReporter -->
<testsuite hostname="Muthukumar" failures="0" tests="5" name="org.learnAttributres.Amazon" time="0.050" errors="0" timestamp="01 Nov 2022 09:55:11 GMT" skipped="0">
  <testcase classname="org.learnAttributres.Amazon" name="login" time="0.019"/>
  <testcase classname="org.learnAttributres.Amazon" name="signUp" time="0.008"/>
  <testcase classname="org.learnAttributres.Amazon" name="searchProduct" time="0.007"/>
  <testcase classname="org.learnAttributres.Amazon" name="addToCart" time="0.009"/>
  <testcase classname="org.learnAttributres.Amazon" name="signOut" time="0.007"/>
</testsuite> <!-- org.learnAttributres.Amazon -->
