<?xml version="1.0" encoding="UTF-8"?>
<!-- Generated by org.testng.reporters.JUnitReportReporter -->
<testsuite hostname="Muthukumar" failures="0" tests="1" name="com.learnTestNG.BrowserLaunchTwo" time="8.124" errors="0" timestamp="01 Nov 2022 11:37:49 GMT" skipped="0">
  <testcase classname="com.learnTestNG.BrowserLaunchTwo" name="chromeBrowserLaunch" time="8.124"/>
</testsuite> <!-- com.learnTestNG.BrowserLaunchTwo -->
